<?xml version="1.0" encoding="UTF-8"?>
<testsuite name="StringOperationsTest" tests="1" skipped="0" failures="0" errors="0" timestamp="2022-05-04T20:02:43" hostname="Craigs-MacBook-Pro.local" time="0.021">
  <properties/>
  <testcase name="shouldReverseString()" classname="StringOperationsTest" time="0.021"/>
  <system-out><![CDATA[]]></system-out>
  <system-err><![CDATA[]]></system-err>
</testsuite>
